[  000000]nialzinggrp ubsycpet
[  0.000] Itiliin cgroup subsys cpu
[    0.000000] Initializing cgroup subsys cpuacct
[    0.000000] Linux version 4.4.0-170-generic (buildd@lcy01-amd64-019) (gcc version 5.4.0 20160609 (Ubuntu 5.4.0-6ubuntu1~16.04.12) ) #199-Ubuntu SMP Thu Nov 14 01:45:04 UTC 2019 (Ubuntu 4.4.0-170.199-generic 4.4.200)
[    0.000000] Command line: BOOT_IMAGE=/boot/vmlinuz-4.4.0-170-generic root=LABEL=cloudimg-rootfs ro console=tty1 console=ttyS0
[    0.000000] KERNEL supported cpus:
[    0.000000]   Intel GenuineIntel
[    0.000000]   AMD AuthenticAMD
[    0.000000]   Centaur CentaurHauls
[    0.000000] x86/fpu: xstate_offset[2]:  576, xstate_sizes[2]:  256
[    0.000000] x86/fpu: Supporting XSAVE feature 0x01: 'x87 floating point registers'
[    0.000000] x86/fpu: Supporting XSAVE feature 0x02: 'SSE registers'
[    0.000000] x86/fpu: Supporting XSAVE feature 0x04: 'AVX registers'
[    0.000000] x86/fpu: Enabled xstate features 0x7, context size is 832 bytes, using 'standard' format.
[    0.000000] e820: BIOS-provided physical RAM map:
[    0.000000] BIOS-e820: [mem 0x0000000000000000-0x000000000009fbff] usable
[    0.000000] BIOS-e820: [mem 0x000000000009fc00-0x000000000009ffff] reserved
[    0.000000] BIOS-e820: [mem 0x00000000000f0000-0x00000000000fffff] reserved
[    0.000000] BIOS-e820: [mem 0x0000000000100000-0x000000003ffeffff] usable
[    0.000000] BIOS-e820: [mem 0x000000003fff0000-0x000000003fffffff] ACPI data
[    0.000000] BIOS-e820: [mem 0x00000000fec00000-0x00000000fec00fff] reserved
[    0.000000] BIOS-e820: [mem 0x00000000fee00000-0x00000000fee00fff] reserved
[    0.000000] BIOS-e820: [mem 0x00000000fffc0000-0x00000000ffffffff] reserved
[    0.000000] NX (Execute Disable) protection: active
[    0.000000] SMBIOS 2.5 present.
[    0.000000] Hypervisor detected: KVM
[    0.000000] e820: last_pfn = 0x3fff0 max_arch_pfn = 0x400000000
[    0.000000] MTRR: Disabled
[    0.000000] x86/PAT: MTRRs disabled, skipping PAT initialization too.
[    0.000000] CPU MTRRs all blank - virtualized system.
[    0.000000] x86/PAT: Configuration [0-7]: WB  WT  UC- UC  WB  WT  UC- UC  
[    0.000000] found SMP MP-tabl at [mem 0x0009fff0-0x0009ffff] mapped at [ffff88000009fff0]
[    0.000000] Scanning 1 areas for low memory corruption
[    00000] RMDK:me 0x362f8000-0x37173fff]
[    0.000000] ACPI: Early table checksum verification disabled
[    0.000000] ACPI: RSDP 0x00000000000E0000 000024 (v02 VBOX  )
[    0.000000] ACPI: XSDT 0x000000003FFF0030 00003C (v01 VBOX   VBOXXSDT 00000001 ASL  00000061)
[    0.000000] ACPI: FACP 0x000000003FFF00F0 0000F4 (v04 VBOX   VBOXFACP 00000001 ASL  00000061)
[    0.000000] ACPI: DSDT 0x000000003FFF0470 0021FF (v02 VBOX   VBOXBIOS 00000002 INTL 20180105)
[    0.000000] ACPI: FACS 0x000000003FFF0200 000040
[    0.000000] ACPI: FACS 0x000000003FFF0200 000040
[    0.000000] ACPI: APIC 0x000000003FFF0240 00005C (v02 VBOX   VBOXAPIC 00000001 ASL  00000061)
[    0.000000] ACPI: SSDT 0x000000003FFF02A0 0001CC (v01 VBOX   VBOXCPUT 00000002 INTL 20180105)
[    0.000000] No NUMA configuration found
[    0.000000] Faking a node at [mem 0x0000000000000000-0x000000003ffeffff]
[    0.000000] NODE_DATA(0) allocated [mem 0x3ffeb000-0x3ffeffff]
[    0.000000] kvm-clock: Using msrs 4b564d01 and 4b564d00
[    0.000000] kvm-clock: cpu 0, msr 0:3ffe3001, primary cpu clock
[    0.000000] kvm-clock: using sched offset of 3051732000 cycles
[    0.000000] clocksource: kvm-clock: mask: 0xffffffffffffffff max_cycles: 0x1cd42e4dffb, max_idle_ns: 881590591483 ns
[    0.000000] Zone ranges:
[    0.000000]   DMA      [mem 0x0000000000001000-0x0000000000ffffff]
[    0.000000]   DMA32    [mem 0x0000000001000000-0x000000003ffeffff]
[    0.000000]   Normal   empty
[    0.000000]   Device   empty
[    0.000000] Movable zone start for each node
[    0.000000] Early memory node ranges
[    0.000000]   node   0: [mem 0x0000000000001000-0x000000000009efff]
[    0.000000]   node   0: [mem 0x0000000000100000-0x000000003ffeffff]
[    0.000000] Initmem setup node 0 [mem 0x0000000000001000-0x000000003ffeffff]
[    0.000000] ACPI: PM-Timer IO Port: 0x4008
[    0.000000] IOAPIC[0]: apic_id 2, version 32, address 0xfec00000, GSI 0-23
[    0.000000] ACPI: INT_SRC_OVR (bus 0 bus_irq 0 global_irq 2 dfl dfl)
[    0.000000] ACPI: INT_SRC_OVR (bus 0 bus_irq 9 global_irq 9 low level)
[    0.000000] Using ACPI (MADT) for SMP configuration information
[    0.000000] smpboot: Allowing 2 CPUs, 0 hotplug CPUs
[    0.000000] PM: Registered nosave memory: [mem 0x00000000-0x00000fff]
[    0.000000] PM: Registered nosave memory: [mem 0x0009f000-0x0009ffff]
[    0.000000] PM: Registered nosave memory: [mem 0x000a0000-0x000effff]
[    0.000000] PM: Registered nosave memory: [mem 0x000f0000-0x000fffff]
[    0.000000] e820: [mem 0x40000000-0xfebfffff] available for PCI devices
[    0.000000] Booting paravirtualized kernel on KVM
[    0.000000] clocksource: refined-jiffies: mask: 0xffffffff max_cycles: 0xffffffff, max_idle_ns: 7645519600211568 ns
[    0.000000] setup_percpu: NR_CPUS:512 nr_cpumask_bits:512 nr_cpu_ids:2 nr_node_ids:1
[    0.000000] PERCPU: Embedded 33 pages/cpu @ffff88003fc00000 s95448 r8192 d31528 u1048576
[    0.000000] Built 1 zonelists in Node order, mobility grouping on.  Total pages: 257912
[    0.000000] Policy zone: DMA32
[    0.000000] Kernel command line: BOOT_IMAGE=/boot/vmlinuz-4.4.0-170-generic root=LABEL=cloudimg-rootfs ro console=tty1 console=ttyS0
[    0.000000] PID hash table entries: 4096 (order: 3, 32768 bytes)
[    0.000000] Memory: 997724K/1048120K available (8626K kernel code, 1336K rwdata, 4036K rodata, 1488K init, 1288K bss, 50396K reserved, 0K cma-reserved)
[    0.000000] SLUB: HWalign=64, Order=0-3, MinObjects=0, CPUs=2, Nodes=1
[    0.000000] Kernel/User page tables isolation: enabled
[    0.000000] Hierarchical RCU implementation.
[    0.000000] 	Build-time adjustment of leaf fanout to 64.
[    0.000000] 	RCU restricting CPUs from NR_CPUS=512 to nr_cpu_ids=2.
[    0.000000] RCU: Adjusting geometry for rcu_fanout_leaf=64, nr_cpu_ids=2
[    0.000000] NR_IRQS:33024 nr_irqs:440 16
[    0.000000] Console: colour VGA+ 80x25
[    0.000000] console [tty1] enabled
[    0.000000] console [ttyS0] enabled
[    0.000000] tsc: Detected 3696.000 MHz processor
[    0.492413] Calibrating delay loop (skipped) preset value.. 7392.00 BogoMIPS (lpj=14784000)
[    0.493520] pid_max: default: 32768 minimum: 301
[    0.494801] ACPI: Core revision 20150930
[    0.496593] ACPI: 2 ACPI AML tables successfully acquired and loaded
[    0.497755] Security Framework initialized
[    0.498291] Yama: becoming mindful.
[    0.498782] AppArmor: AppArmor initialized
[    0.499367] Dentry cache hash table entries: 131072 (order: 8, 1048576 bytes)
[    0.500666] Inode-cache hash table entries: 65536 (order: 7, 524288 bytes)
[    0.501500] Mount-cache hash table entries: 2048 (order: 2, 16384 bytes)
[    0.502273] Mountpoint-cache hash table entries: 2048 (order: 2, 16384 bytes)
[    0.503190] Initializing cgroup subsys io
[    0.503721] Initializing cgroup subsys memory
[    0.504302] Initializing cgroup subsys devices
[    0.504870] Initializing cgroup subsys freezer
[    0.505447] Initializing cgroup subsys net_cls
[    0.506017] Initializing cgroup subsys perf_event
[    0.506614] Initializing cgroup subsys net_prio
[    0.507188] Initializing cgroup subsys hugetlb
[    0.507755] Initializing cgroup subsys pids
[   0.509260] mce: CPU supports 0 MCE banks
[    0.518256] Last level iTLB entries: 4KB 64, 2MB 8, 4MB 8
[    0.518999] Last level dTLB entries: 4KB 64, 2MB 0, 4MB 0, 1GB 4

[    0.519724] Spectre V1 : Mitigation: usercopy/swapgs barriers and __user pointer sanitization
[    0.520778] Spectre V2 : Mitigation: Full generic retpoline
[    0.521435] Spectre V2 : Spectre v2 / SpectreRSB mitigation: Filling RSB on context switch
[    0.522449] Speculative Store Bypass: Vulnerable
[    0.523066] MDS: Mitigation: Clear CPU buffers
[    0.525223] Freeing SMP alternatives memory: 36K
[    0.529312] ftrace: allocating 32302 entries in 127 pages
[    0.566923] smpboot: APIC(0) Converting physical 0 to logical package 0
[    0.567697] smpboot: Max logical packages: 1
[    0.568433] x2apic enabled
[    0.568991] Switched APIC routing to physical x2apic.
[    0.570379] ..TIMER: vector=0x30 apic1=0 pin1=2 apic2=-1 pin2=-1
[    0.679142] smpboot: CPU0: Intel(R) Core(TM) i7-8700K CPU @ 3.70GHz (family: 0x6, model: 0x9e, stepping: 0xa)
[    0.684534] Performance Events: unsupported p6 CPU model 158 no PMU driver, software events only.
[    0.693049] KVM setup paravirtual spinlock
[    0.694106] x86: Booting SMP configuration:
[    0.694650] .... node  #0, CPUs:      #1
[    0.695258] kvm-clock: cpu 1, msr 0:3ffe3041, secondary cpu clock
[    0.696785] mce: CPU supports 0 MCE banks
[    0.699192] x86: Booted up 1 node, 2 CPUs
[    0.699858] smpboot: Total of 2 processors activated (14784.00 BogoMIPS)
[    0.700845] devtmpfs: initialized
[    0.702723] evm: security.selinux
[    0.703197] evm: security.SMACK64
[    0.703656] evm: security.SMACK64EXEC
[    0.704142] evm: security.SMACK64TRANSMUTE
[    0.704667] evm: security.SMACK64MMAP
[    0.705160] evm: security.ima
[    0.705586] evm: security.capability
[    0.706199] clocksource: jiffies: mask: 0xffffffff max_cycles: 0xffffffff, max_idle_ns: 7645041785100000 ns
[    0.888865] futex hash table entries: 512 (order: 3, 32768 bytes)
[    1.068943] pinctrl core: initialized pinctrl subsystem
[    1.222191] RTC time: 17:26:11, date: 02/15/20
[    1.349563] NET: Registered protocol family 16
[    1.382645] cpuidle: using governor ladder
[    1.402677] cpuidle: using governor menu
[    1.407788] PCCT header not found.
[    1.408939] ACPI: bus type PCI registered
[    1.409522] acpiphp: ACPI Hot Plug PCI Controller Driver version: 0.5
[    1.410349] PCI: Using configuration type 1 for base access
[    1.423364] ACPI: Added _OSI(Module Device)
[    1.429241] ACPI: Added _OSI(Processor Device)
[    1.429830] ACPI: Added _OSI(3.0 _SCP Extensions)
[    1.430425] ACPI: Added _OSI(Processor Aggregator Device)
[    1.431588] ACPI: Executed 1 blocks of module-level executable AML code
[    1.433808] ACPI: Interpreter enabled
[    1.434327] ACPI: (supports S0 S5)
[    1.434812] ACPI: Using IOAPIC for interrupt routing
[    1.435540] PCI: Using host bridge windows from ACPI; if necessary, use "pci=nocrs" and report a bug
[    1.438985] ACPI: PCI Root Bridge [PCI0] (domain 0000 [bus 00-ff])
[    1.439797] acpi PNP0A03:00: _OSC: OS supports [ASPM ClockPM Segments MSI]
[    1.440627] acpi PNP0A03:00: _OSC: not requesting OS control; OS requires [ExtendedConfig ASPM ClockPM MSI]
[    1.441891] acpi PNP0A03:00: fail to add MMCONFIG information, can't access extended PCI configuration space under this bridge.
[    1.443515] PCI host bridge to bus 0000:00
[    1.444057] pci_bus 0000:00: root bus resource [io  0x0000-0x0cf7 window]
[    1.444873] pci_bus 0000:00: root bus resource [io  0x0d00-0xffff window]
[    1.445773] pci_bus 0000:00: root bus resource [mem 0x000a0000-0x000bffff window]
[    1.446752] pci_bus 0000:00: root bus resource [mem 0x40000000-0xfdffffff window]
[    1.447726] pci_bus 0000:00: root bus resource [bus 00-ff]
[    1.449688] pci 0000:00:01.1: legacy IDE quirk: reg 0x10: [io  0x01f0-0x01f7]
[    1.450564] pci 0000:00:01.1: legacy IDE quirk: reg 0x14: [io  0x03f6]
[    1.451331] pci 0000:00:01.1: legacy IDE quirk: reg 0x18: [io  0x0170-0x0177]
[    1.452142] pci 0000:00:01.1: legacy IDE quirk: reg 0x1c: [io  0x0376]
[    1.469454] pci 0000:00:07.0: quirk: [io  0x4000-0x403f] claimed by PIIX4 ACPI
[    1.675086] pci 0000:00:07.0: quirk: [io  0x4100-0x410f] claimed by PIIX4 SMB
[    1.885917] ACPI: PCI Interrupt Link [LNKA] (IRQs 5 9 10 *11)
[    2.042981] ACPI: PCI Interrupt Link [LNKB] (IRQs 5 9 *10 11)
[    2.204257] ACPI: PCI Interrupt Link [LNKC] (IRQs 5 *9 10 11)
[    2.354914] ACPI: PCI Interrupt Link [LNKD] (IRQs 5 9 10 *11)
[    2.463129] ACPI: Enabled 2 GPEs in block 00 to 07
[    2.464117] vgaarb: setting as boot device: PCI:0000:00:02.0
[    2.478997] vgaarb: device added: PCI:0000:00:02.0,decodes=io+mem,owns=io+mem,locks=none
[    2.480062] vgaarb: loaded
[    2.480479] vgaarb: bridge control possible 0000:00:02.0
[    2.481395] SCSI subsystem initialized
[    2.481997] ACPI: bus type USB registered
[    2.482547] usbcore: registered new interface driver usbfs
[    2.483224] usbcore: registered new interface driver hub
[    2.483891] usbcore: registered new device driver usb
[    2.484730] PCI: Using ACPI for IRQ routing
[    2.486173] NetLabel: Initializing
[    2.487233] NetLabel:  domain hash size = 128
[    2.488552] NetLabel:  protocols = UNLABELED CIPSOv4
[    2.489806] NetLabel:  unlabeled traffic allowed by default
[    2.490595] amd_nb: Cannot enumerate AMD northbridges
[    2.491273] clocksource: Switched to clocksource kvm-clock
[    2.496631] AppArmor: AppArmor Filesystem Enabled
[    2.497387] pnp: PnP ACPI init
[    2.498426] pnp: PnP ACPI: found 3 devices
[    2.506562] clocksource: acpi_pm: mask: 0xffffff max_cycles: 0xffffff, max_idle_ns: 2085701024 ns
[    2.507711] NET: Registered protocol family 2
[    2.508407] TCP established hash table entries: 8192 (order: 4, 65536 bytes)
[    2.510047] TCP bind hash table entries: 8192 (order: 5, 131072 bytes)
[    2.511777] TCP: Hash tables configured (established 8192 bind 8192)
[    2.512977] UDP hash table entries: 512 (order: 2, 16384 bytes)
[    2.513772] UDP-Lite hash table entries: 512 (order: 2, 16384 bytes)
[    2.514601] NET: Registered protocol family 1
[    2.515190] pci 0000:00:00.0: Limiting direct PCI/PCI transfers
[    2.515989] pci 0000:00:01.0: Activating ISA DMA hang workarounds
[    2.516812] Unpacking initramfs...
[   226655339] Freeiggiiiirrd memory: 14832K
[    2.899669] clocksource: tsc: mask: 0xffffffffffffffff max_cycles: 0x6a8d280fdb9, max_idle_ns: 881591151302 ns
[    2.900898] platform rtc_cmos: registered platform RTC device (no PNP device found)
[    2.901921] Scanning for low memory corruption every 60 seconds
[    2.903082] audit: initializing netlink subsys (disabled)
[    2.903765] audit: type=2000 audit(1581787575.491:1): initialized
[    2.904655] Initialise system trusted keyring
[    2.905493] HugeTLB registered 2 MB page size, pre-allocated 0 pages
[    3.039128] zbud: loaded
[    3.039992] VFS: Disk quotas dquot_6.6.0
[    3.040532] VFS: Dquot-cache hash table entries: 512 (order 0, 4096 bytes)
[    3.041510] squashfs: version 4.0 (2009/01/31) Phillip Lougher
[    3.042550] fuse init (API version 7.23)
[    3.043277] Key type big_key registered
[    3.043816] Allocating IMA MOK and blacklist keyrings.
[    3.045237] Key type asymmetric registered
[    3.045770] Asymmetric key parser 'x509' registered
[    3.046390] Block layer SCSI generic (bsg) driver version 0.4 loaded (major 249)
[    3.047379] io scheduler noop registered
[    3.047940] io scheduler deadline registered (default)
[    3.048580] io scheduler cfq registered
[    3.049155] pci_hotplug: PCI Hot Plug PCI Core version: 0.5
[    3.049816] pciehp: PCI Express Hot Plug Controller Driver version: 0.4
[    3.050649] ACPI: AC Adapter [AC] (on-line)
[    3.051223] input: Power Button as /devices/LNXSYSTM:00/LNXPWRBN:00/input/input0
[    3.052216] ACPI: Power Button [PWRF]
[    3.052751] input: Sleep Button as /devices/LNXSYSTM:00/LNXSLPBN:00/input/input1
[    3.053693] ACPI: Sleep Button [SLPF]
[    3.054321] GHES: HEST is not enabled!
[    3.054927] Serial: 8250/16550 driver, 32 ports, IRQ sharing enabled
[    3.077082] 00:02: ttyS0 at I/O 0x3f8 (irq = 4, base_baud = 115200) is a 16550A
[    3.296097] Linux agpgart interface v0.103
[    3.400948] loo::mmddlle ooaddd
[   33660000]]sscsi host0  tta_iiix

[   338888134]ssssi host1: ata_piix
[    ..019379] ata1: PATA max UDMA/33 cmd 0x1f0 ctl 0x3f6 bmdma 0xd000 irq 14
[    4.129603] ata2: PATA max UDMA/33 cmd 0x170 ctl 0x376 bmdma 0xd008 irq 15
[    4.130472] libphy: Fixed MDIO Bus: probed
[    4.131179] tun: Universal TUN/TAP device driver, 1.6
[    4.131819] tun: (C) 1999-2004 Max Krasnyansky <maxk@qualcomm.com>
[    4.132598] PPP generic driver version 2.4.2
[    4.133189] ehci_hcd: USB 2.0 'Enhanced' Host Controller (EHCI) Driver
[    4.133944] ehci-pci: EHCI PCI platform driver
[    4.134516] ehci-platform: EHCI generic platform driver
[    4.135154] ohci_hcd: USB 1.1 'Open' Host Controller (OHCI) Driver
[    4.135893] ohci-pci: OHCI PCI platform driver
[    4.136469] ohci-platform: OHCI generic platform driver
[    4.137113] uhci_hcd: USB Universal Host Controller Interface driver
[    4.137885] i8042: PNP: PS/2 Controller [PNP0303:PS2K,PNP0f03:PS2M] at 0x60,0x64 irq 1,12
[    4.139277] serio: i8042 KBD port at 0x60,0x64 irq 1
[    4.139908] serio: i8042 AUX port at 0x60,0x64 irq 12
[    4.140647] mousedev: PS/2 mouse device common for all mice
[    4.141596] rtc_cmos rtc_cmos: rtc core: registered rtc_cmos as rtc0
[    4.142411] input: AT Translated Set 2 keyboard as /devices/platform/i8042/serio0/input/input2
[    4.143525] rtc_cmos rtc_cmos: alarms up to one day, 114 bytes nvram
[    4.144336] i2c /dev entries driver
[    4.144859] device-mapper: uevent: version 1.0.3
[    4.145519] device-mapper: ioctl: 4.34.0-ioctl (2015-10-28) initialised: dm-devel@redhat.com
[    4.159643] ledtrig-cpu: registered to indicate activity on CPUs
[    4.160676] NET: Registered protocol family 10
[    4.161412] NET: Registered protocol family 17
[    4.162044] Key type dns_resolver registered
[    4.163056] registered taskstats version 1
[    4.163708] Loading compiled-in X.509 certificates
[    4.164748] Loaded X.509 cert 'Build time autogenerated kernel key: f0e56e97f406068ace47a9bf54316e9855aaaa43'
[    4.166005] zswap: loaded using pool lzo/zbud
[    4.168001] Key type trusted registered
[    4.170555] Key type encrypted registered
[    4.171091] AppArmor: AppArmor sha1 policy hashing enabled
[    4.171764] ima: No TPM chip found, activating TPM-bypass!
[    4.172447] ima: Allocated hash algorithm: sha1
[    4.173046] evm: HMAC attrs: 0x1
[    4.173680]   Magic number: 8:280:441
[    4.174229] rtc_cmos rtc_cmos: setting system clock to 2020-02-15 17:26:14 UTC (1581787574)
[    4.175397] BIOS EDD facility v0.16 2004-Jun-25, 0 devices found
[    4.176105] EDD information not available.
[    4.284641] Freeing unused kernel memory: 1488K
[    4.409632] Write protecting the kernel read-only data: 14336k
[    4.410722] Freeing unused kernel memory: 1604K
[    4.411473] Freeing unused kernel memory: 60K
Loading, please wait...
starting version 229
[    4.421657] random: systemd-udevd: uninitialized urandom read (16 bytes read, 3 bits of entropy available)
[    4.422075] random: udevadm: uninitialized urandom read (16 bytes read, 3 bits of entropy available)
[    4.422089] random: udevadm: uninitialized urandom read (16 bytes read, 3 bits of entropy available)
[    4.425187] random: systemd-udevd: uninitialized urandom read (16 bytes read, 3 bits of entropy available)
[    4.426628] random: systemd-udevd: uninitialized urandom read (16 bytes read, 3 bits of entropy available)
[    4.427657] random: udevadm: uninitialized urandom read (16 bytes read, 3 bits of entropy available)
[    4.427686] random: udevadm: uninitialized urandom read (16 bytes read, 3 bits of entropy available)
[    4.427773] random: udevadm: uninitialized urandom read (16 bytes read, 3 bits of entropy available)
[    4.427804] random: udevadm: uninitialized urandom read (16 bytes read, 3 bits of entropy available)
[    4.427837] random: udevadm: uninitialized urandom read (16 bytes read, 3 bits of entropy available)
[    4.459104] e1000: Intel(R) PRO/1000 Network Driver - version 7.3.21-k8-NAPI
[    4.459991] e1000: Copyright (c) 1999-2006 Intel Corporation.
[    4.462951] Fusion MPT base driver 3.04.20
[    4.472761] Copyright (c) 1999-2008 LSI Corporation
[    4.485263] AVX2 version of gcm_enc/dec engaged.
[    4.654773] AES CTR mode by8 optimization enabled
[    4.671092] Fusion MPT SPI Host driver 3.04.20
[    4.702451] input: ImExPS/2 Generic Explorer Mouse as /devices/platform/i8042/serio1/input/input4
[    4.961849] e1000 0000:00:03.0 eth0: (PCI:33MHz:32-bit) 02:bf:1c:77:ff:98
[    5.159336] e1000 0000:00:03.0 eth0: Intel(R) PRO/1000 Network Connection
[    5.354490] mptbase: ioc0: Initiating bringup
[    5.354868] e1000 0000:00:03.0 enp0s3: renamed from eth0
[    5.698934] ioc0: LSI53C1030 A0: Capabilities={Initiator}
[    6.902331] scsi host2: ioc0: LSI53C1030 A0, FwRev=00000000h, Ports=1, MaxQ=256, IRQ=20
[    7.900844] scsi 2:0:0:0: Direct-Access     VBOX     HARDDISK         1.0  PQ: 0 ANSI: 5
[    7.902134] scsi target2:0:0: Beginning Domain Validation
[    7.903609] scsi target2:0:0: Domain Validation skipping write tests
[    7.904442] scsi target2:0:0: Ending Domain Validation
[    7.905186] scsi target2:0:0: asynchronous
[    7.906126] scsi 2:0:1:0: Direct-Access     VBOX     HARDDISK         1.0  PQ: 0 ANSI: 5
[    7.907197] scsi target2:0:1: Beginning Domain Validation
[    7.908742] scsi target2:0:1: Domain Validation skipping write tests
[    8.165238] scsi target2:0:1: Ending Domain Validation
[    8.527375] scsi target2:0:1: asynchronous
[    8.683036] sd 2:0:0:0: [sda] 20971520 512-byte logical blocks: (10.7 GB/10.0 GiB)
[    8.690551] sd 2:0:0:0: Attached scsi generic sg0 type 0
[    8.691564] sd 2:0:1:0: Attached scsi generic sg1 type 0
[    8.691666] sd 2:0:1:0: [sdb] 20480 512-byte logical blocks: (10.5 MB/10.0 MiB)
[    8.691773] sd 2:0:0:0: [sda] Write Protect is off
[    8.691991] sd 2:0:1:0: [sdb] Write Protect is off
[    8.692003] sd 2:0:0:0: [sda] Incomplete mode parameter data
[    8.692004] sd 2:0:0:0: [sda] Assuming drive cache: write through
[    8.692179] sd 2:0:1:0: [sdb] Incomplete mode parameter data
[    8.692180] sd 2:0:1:0: [sdb] Assuming drive cache: write through
[    8.697635]  sda: sda1
[    8.698734] sd 2:0:1:0: [sdb] Attached SCSI disk
[    8.699420] sd 2:0:0:0: [sda] Attached SCSI disk
Begin: Loading e[    9.960788] md: linear personality registered for level -1
ssential drivers ... [   10.075034] md: multipath personality registered for level -4
[   10.077523] md: raid0 personality registered for level 0
[   10.080769] md: raid1 personality registered for level 1
[   10.151320] raid6: sse2x1   gen() 14216 MB/s
[   10.343321] raid6: sse2x1   xor() 10661 MB/s
[   10.543143] raid6: sse2x2   gen() 18968 MB/s
[   10.739320] raid6: sse2x2   xor() 12415 MB/s
[   10.815318] raid6: sse2x4   gen() 20242 MB/s
[   10.887313] raid6: sse2x4   xor() 13555 MB/s
[   10.955323] raid6: avx2x1   gen() 25790 MB/s
[   11.023316] raid6: avx2x2   gen() 33098 MB/s
[   11.091286] raid6: avx2x4   gen() 36618 MB/s
[   11.091875] raid6: using algorithm avx2x4 gen() 36618 MB/s
[   11.092522] raid6: using avx2x2 recovery algorithm
[   11.094023] xor: automatically using best checksumming function:
[   11.143939]    avx       : 94600.000 MB/sec
[   11.337957] async_tx: api initialized (async)
[   11.434175] md: raid6 personality registered for level 6
[   11.555083] md: raid5 personality registered for level 5
[   11.648812] md: raid4 personality registered for level 4
[   11.653942] md: raid10 personality registered for level 10
done.
Begin: Running /scripts/init-premount ... done.
Begin: Mounting root file system ... Begin: Running /scripts/local-top ... done.
Begin: Running /scripts/local-premount ... [   11.675431] Btrfs loaded
Scanning for Btrfs filesystems
done.
Warning: fsck [   11.837458] EXT4-fs (sda1): INFO: recovery required on readonly filesystem
not present, so skipping root file system
[   12.068591] EXT4-fs (sda1): write access will be enabled during recovery
[   12.132623] EXT4-fs (sda1): orphan cleanup on readonly fs
[   12.241920] EXT4-fs (sda1): 5 orphan inodes deleted
[   12.242718] EXT4-fs (sda1): recovery complete
[   12.243872] EXT4-fs (sda1): mounted filesystem with ordered data mode. Opts: (null)
done.
Begin: Running /scripts/local-bottom ... done.
Begin: Running /scripts/init-bottom ... done.
[   12.320341] systemd[1]: systemd 229 running in system mode. (+PAM +AUDIT +SELINUX +IMA +APPARMOR +SMACK +SYSVINIT +UTMP +LIBCRYPTSETUP +GCRYPT +GNUTLS +ACL +XZ -LZ4 +SECCOMP +BLKID +ELFUTILS +KMOD -IDN)
[   12.539337] systemd[1]: Detected virtualization oracle.
[   12.539973] systemd[1]: Detected architecture x86-64.

Welcome to [1mUbuntu 16.04.6 LTS[0m!

[   12.565683] systemd[1]: Set hostname to <ubuntu-xenial>.
[   12.648969] systemd[1]: Started Trigger resolvconf update for networkd DNS.
[[0;32m  OK  [0m] Started Trigger resolvconf update for networkd DNS.
[   12.652409] systemd[1]: Created slice User and Session Slice.
[[0;32m  OK  [0m] Created slice User and Session Slice.
[   12.654286] systemd[1]: Listening on udev Kernel Socket.
[[0;32m  OK  [0m] Listening on udev Kernel Socket.
[   12.656053] systemd[1]: Reached target System Time Synchronized.
[[0;32m  OK  [0m] Reached target System Time Synchronized.
[   12.657962] systemd[1]: Listening on LVM2 metadata daemon socket.
[[0;32m  OK  [0m] Listening on LVM2 metadata daemon socket.
[   12.659940] systemd[1]: Listening on Device-mapper event daemon FIFOs.
[[0;32m  OK  [0m] Listening on Device-mapper event daemon FIFOs.
[   12.662037] systemd[1]: Listening on Journal Audit Socket.
[[0;32m  OK  [0m] Listening on Journal Audit Socket.
[   12.663882] systemd[1]: Reached target User and Group Name Lookups.
[[0;32m  OK  [0m] Reached target User and Group Name Lookups.
[   12.665882] systemd[1]: Listening on /dev/initctl Compatibility Named Pipe.
[[0;32m  OK  [0m] Listening on /dev/initctl Compatibility Named Pipe.
[   12.668945] systemd[1]: Listening on Syslog Socket.
[[0;32m  OK  [0m] Listening on Syslog Socket.
[   12.670656] systemd[1]: Started Forward Password Requests to Wall Directory Watch.
[[0;32m  OK  [0m] Started Forward Password Requests to Wall Directory Watch.
[   12.673099] systemd[1]: Reached target Encrypted Volumes.
[[0;32m  OK  [0m] Reached target Encrypted Volumes.
[   12.674905] systemd[1]: Listening on LVM2 poll daemon socket.
[[0;32m  OK  [0m] Listening on LVM2 poll daemon socket.
[   12.676841] systemd[1]: Listening on Journal Socket.
[[0;32m  OK  [0m] Listening on Journal Socket.
[   12.678584] systemd[1]: Listening on udev Control Socket.
[[0;32m  OK  [0m] Listening on udev Control Socket.
[   12.680584] systemd[1]: Created slice System Slice.
[[0;32m  OK  [0m] Created slice System Slice.
[   12.695386] systemd[1]: Starting Load Kernel Modules...
         Starting Load Kernel Modules...
[   12.697437] systemd[1]: Starting Set console keymap...
         Starting Set console keymap...
[   12.699516] systemd[1]: Mounting POSIX Message Queue File System...
         Mounting POSIX Message Queue File System...
[   12.702278] systemd[1]: Mounting Huge Pages File System...
         Mounting Huge Pages File System...
[   12.704551] systemd[1]: Mounting Debug File System...
         Mounting Debug File System...
[   12.706037] Loading iSCSI transport class v2.0-870.
[   12.706976] systemd[1]: Starting Nameserver information manager...
         Starting Nameserver information manager...
[   12.709264] systemd[1]: Starting Uncomplicated firewall...
         Starting Uncomplicated firewall...
[   12.711664] systemd[1]: Created slice system-serial\x2dgetty.slice.
[[0;32m  OK  [0m] Created slice system-serial\x2dgetty.slice.
[   12.716634] systemd[1]: Starting Create list of required static device nodes for the current kernel...
         Starting Create list of required st... nodes for the current kernel...[   12.719077] random: nonblocking pool is initialized

[   12.720495] systemd[1]: Starting Monitoring of LVM2 mirrors, snapshots etc. using dmeventd or progress polling...
         Starting Monitoring of LVM2 mirrors... dmeventd or progress polling...
[   12.723489] systemd[1]: Reached target Slices.
[   12.723571] iscsi: registered transport (tcp)
[[0;32m  OK  [0m] Reached target Slices.
[   12.726567] systemd[1]: Starting Remount Root and Kernel File Systems...
         Starting Remount Root and Kernel File Systems...
[   12.729520] systemd[1]: Set up automount Arbitrary Executable File Formats File System Automount Point.
[[0;32m  OK  [0m] Set up automount Arbitrary Executab...ats File System Automount Point.
[   12.733240] systemd[1]: Listening on Journal Socket (/dev/log).
[[0;32m  OK  [0m] Listening on Journal Socket (/dev/log).
[   12.735637] systemd[1]: Starting Journal Service...
         Starting Journal Service...
[   12.737225] systemd[1]: Reached target Swap.
[[0;32m  OK  [0m] Reached target Swap.
[   12.739160] EXT4-fs (sda1): re-mounted. Opts: (null)
[   12.740136] systemd[1]: Mounted Huge Pages File System.
[[0;32m  OK  [0m] Mounted Huge Pages File System.
[   12.742340] systemd[1]: Mounted POSIX Message Queue File System.
[[0;32m  OK  [0m] Mounted POSIX Message Queue File System.
[   12.744449] systemd[1]: Mounted Debug File System.
[[0;32m  OK  [0m] Mounted Debug File System.
[   12.747771] systemd[1]: Started Uncomplicated firewall.
[[0;32m  OK  [0m] Started Uncomplicated firewall.
[   12.750481] systemd[1]: Started Create list of required static device nodes for the current kernel.
[[0;32m  OK  [0m] Started Create list of required sta...ce nodes for the current kernel.
[   12.754697] systemd[1]: Started Set console keymap.
[[0;32m  OK  [0m] Started Set console keymap.
[   12.756922] systemd[1]: Started Remount Root and Kernel File Systems.
[[0;32m  OK  [0m] Started Remount Root and Kernel File Systems.
[   12.760351] iscsi: registered transport (iser)
[   12.779517] systemd[1]: Started Nameserver information manager.
[[0;32m  OK  [0m] Started Nameserver information manager.
[   12.781938] systemd[1]: Started Load Kernel Modules.
[[0;32m  OK  [0m] Started Load Kernel Modules.
[   12.785381] systemd[1]: Started LVM2 metadata daemon.
[[0;32m  OK  [0m] Started LVM2 metadata daemon.
[   12.787601] systemd[1]: Mounting FUSE Control File System...
         Mounting FUSE Control File System...
[   12.790165] systemd[1]: Starting Apply Kernel Variables...
         Starting Apply Kernel Variables...
[   12.793232] systemd[1]: Starting udev Coldplug all Devices...
         Starting udev Coldplug all Devices...
[   12.795528] systemd[1]: Starting Load/Save Random Seed...
         Starting Load/Save Random Seed...
[   12.797709] systemd[1]: Starting Create Static Device Nodes in /dev...
         Starting Create Static Device Nodes in /dev...
[   12.800644] systemd[1]: Mounted FUSE Control File System.
[[0;32m  OK  [0m] Mounted FUSE Control File System.
[   12.802589] systemd[1]: Started Journal Service.
[[0;32m  OK  [0m] Started Journal Service.
[[0;32m  OK  [0m] Started Apply Kernel Variables.
[[0;32m  OK  [0m] Started Load/Save Random Seed.
         Starting Flush Journal to Persistent Storage...
[[0;32m  OK  [0m] Started Create Static Device Nodes in /dev.
[[0;32m  OK  [0m] Started Flush Journal to Persistent Storage.
         Starting udev Kernel Device Manager...
[[0;32m  OK  [0m] Started udev Coldplug all Devices.
[[0;32m  OK  [0m] Started udev Kernel Device Manager.
[[0;32m  OK  [0m] Started Dispatch Password Requests to Console Directory Watch.
[[0;32m  OK  [0m] Found device /dev/ttyS0.
[[0;32m  OK  [0m] Started Monitoring of LVM2 mirrors,...ng dmeventd or progress polling.
[[0;32m  OK  [0m] Reached target Local File Systems (Pre).
[[0;32m  OK  [0m] Reached target Local File Systems.
         Starting Tell Plymouth To Write Out Runtime Data...
         Starting Initial cloud-init job (pre-networking)...
         Starting LSB: AppArmor initialization...
         Starting Create Volatile Files and Directories...
         Starting Set console font and keymap...
[[0;32m  OK  [0m] Listening on Load/Save RF Kill Switch Status /dev/rfkill Watch.
[[0;32m  OK  [0m] Started Tell Plymouth To Write Out Runtime Data.
[[0;32m  OK  [0m] Started Create Volatile Files and Directories.
         Starting Update UTMP about System Boot/Shutdown...
[[0;32m  OK  [0m] Started Update UTMP about System Boot/Shutdown.
[[0;32m  OK  [0m] Found device 82540EM Gigabit Ethern...r (PRO/1000 MT Desktop Adapter).
[[0;32m  OK  [0m] Started LSB: AppArmor initialization.
[   11.499756] cloud-init[528]: Cloud-init v. 19.3-41-gc4735dd3-0ubuntu1~16.04.1 running 'init-local' at Sat, 15 Feb 2020 17:26:23 +0000. Up 11.27 seconds.
[[0;32m  OK  [0m] Started Initial cloud-init job (pre-networking).
[[0;32m  OK  [0m] Started Set console font and keymap.
[[0;32m  OK  [0m] Created slice system-getty.slice.
[[0;32m  OK  [0m] Reached target Network (Pre).
         Starting Raise network interfaces...
[[0;32m  OK  [0m] Started ifup for enp0s3.
[[0;32m  OK  [0m] Started Raise network interfaces.
[[0;32m  OK  [0m] Reached target Network.
         Starting Initial cloud-init job (metadata service crawler)...
[   12.266442] cloud-init[976]: Cloud-init v. 19.3-41-gc4735dd3-0ubuntu1~16.04.1 running 'init' at Sat, 15 Feb 2020 17:26:24 +0000. Up 12.10 seconds.
[   12.267953] cloud-init[976]: ci-info: ++++++++++++++++++++++++++++++++++++++Net device info++++++++++++++++++++++++++++++++++++++
[   12.269394] cloud-init[976]: ci-info: +--------+------+----------------------------+---------------+--------+-------------------+
[   12.270840] cloud-init[976]: ci-info: | Device |  Up  |          Address           |      Mask     | Scope  |     Hw-Address    |
[   12.272543] cloud-init[976]: ci-info: +--------+------+----------------------------+---------------+--------+-------------------+
[   12.274031] cloud-init[976]: ci-info: | enp0s3 | True |         10.0.2.15          | 255.255.255.0 | global | 02:bf:1c:77:ff:98 |
[   12.275427] cloud-init[976]: ci-info: | enp0s3 | True | fe80::bf:1cff:fe77:ff98/64 |       .       |  link  | 02:bf:1c:77:ff:98 |
[   12.276963] cloud-init[976]: ci-info: |   lo   | True |         127.0.0.1          |   255.0.0.0   |  host  |         .         |
[   12.278541] cloud-init[976]: ci-info: |   lo   | True |          ::1/128           |       .       |  host  |         .         |
[   12.280068] cloud-init[976]: ci-info: +--------+------+----------------------------+---------------+--------+-------------------+
[   12.281846] cloud-init[976]: ci-info: +++++++++++++++++++++++++++Route IPv4 info++++++++++++++++++++++++++++
[   12.283331] cloud-init[976]: ci-info: +-------+-------------+----------+---------------+-----------+-------+
[   12.284876] cloud-init[976]: ci-info: | Route | Destination | Gateway  |    Genmask    | Interface | Flags |
[   12.286203] cloud-init[976]: ci-info: +-------+-------------+----------+---------------+-----------+-------+
[   12.287504] cloud-init[976]: ci-info: |   0   |   0.0.0.0   | 10.0.2.2 |    0.0.0.0    |   enp0s3  |   UG  |
[   12.289874] cloud-init[976]: ci-info: |   1   |   10.0.2.0  | 0.0.0.0  | 255.255.255.0 |   enp0s3  |   U   |
[   12.291008] cloud-init[976]: ci-info: +-------+-------------+----------+---------------+-----------+-------+
[   12.292176] cloud-init[976]: ci-info: +++++++++++++++++++Route IPv6 info+++++++++++++++++++
[   12.293150] cloud-init[976]: ci-info: +-------+-------------+---------+-----------+-------+
[   12.294144] cloud-init[976]: ci-info: | Route | Destination | Gateway | Interface | Flags |
[   12.295118] cloud-init[976]: ci-info: +-------+-------------+---------+-----------+-------+
[   12.311974] cloud-init[976]: ci-info: |   0   |  fe80::/64  |    ::   |   enp0s3  |   U   |
[   12.312932] cloud-init[976]: ci-info: |   3   |   ff00::/8  |    ::   |   enp0s3  |   U   |
[   12.313820] cloud-init[976]: ci-info: +-------+-------------+---------+-----------+-------+
[[0;32m  OK  [0m] Started Initial cloud-init job (metadata service crawler).
[[0;32m  OK  [0m] Reached target Network is Online.
         Starting iSCSI initiator daemon (iscsid)...
[[0;32m  OK  [0m] Reached target Cloud-config availability.
[[0;32m  OK  [0m] Reached target System Initialization.
         Starting Socket activation for snappy daemon.
[[0;32m  OK  [0m] Started ACPI Events Check.
[[0;32m  OK  [0m] Reached target Paths.
[[0;32m  OK  [0m] Started Daily apt download activities.
[[0;32m  OK  [0m] Started Daily apt upgrade and clean activities.
[[0;32m  OK  [0m] Listening on UUID daemon activation socket.
         Starting LXD - unix socket.
[[0;32m  OK  [0m] Listening on ACPID Listen Socket.
[[0;32m  OK  [0m] Started Daily Cleanup of Temporary Directories.
[[0;32m  OK  [0m] Listening on D-Bus System Message Bus Socket.
[[0;32m  OK  [0m] Started Message of the Day.
[[0;32m  OK  [0m] Reached target Timers.
[[0;32m  OK  [0m] Listening on Socket activation for snappy daemon.
[[0;32m  OK  [0m] Listening on LXD - unix socket.
[[0;32m  OK  [0m] Reached target Sockets.
[[0;32m  OK  [0m] Reached target Basic System.
         Starting LXD - container startup/shutdown...
[[0;32m  OK  [0m] Started FUSE filesystem for LXC.
[[0;32m  OK  [0m] Started Deferred execution scheduler.
         Starting Login Service...
         Starting /etc/rc.local Compatibility...
         Starting Slurm node daemon...
[[0;32m  OK  [0m] Started D-Bus System Message Bus.
         Starting LSB: Record successful boot for GRUB...
         Starting Slurm controller daemon...
         Starting Virtualbox guest utils...
         Starting OpenBSD Secure Shell server...
         Starting MySQL Community Server...
[[0;32m  OK  [0m] Started Regular background program processing daemon.
         Starting LSB: MD monitoring daemon...
[[0;32m  OK  [0m] Started ACPI event daemon.
         Starting MUNGE authentication service...
         Starting Snappy daemon...
         Starting Accounts Service...
         Starting System Logging Service...
[[0;32m  OK  [0m] Started System Logging Service.
[[0;32m  OK  [0m] Started iSCSI initiator daemon (iscsid).
[[0;32m  OK  [0m] Started LXD - container startup/shutdown.
[[0;32m  OK  [0m] Started /etc/rc.local Compatibility.
[[0;32m  OK  [0m] Started Slurm node daemon.
[[0;32m  OK  [0m] Started Slurm controller daemon.
[[0;32m  OK  [0m] Started MUNGE authentication service.
[[0;32m  OK  [0m] Started OpenBSD Secure Shell server.
[[0;32m  OK  [0m] Started Login Service.
[[0;32m  OK  [0m] Started LSB: Record successful boot for GRUB.
[[0;32m  OK  [0m] Started Virtualbox guest utils.
[[0;32m  OK  [0m] Started LSB: MD monitoring daemon.
[[0;32m  OK  [0m] Started Unattended Upgrades Shutdown.
         Starting Authenticate and Authorize Users to Run Privileged Tasks...
         Starting Login to default iSCSI targets...
[[0;32m  OK  [0m] Started Snappy daemon.
         Starting Wait until snapd is fully seeded...
[[0;32m  OK  [0m] Started Login to default iSCSI targets.
[[0;32m  OK  [0m] Started Wait until snapd is fully seeded.
[[0;32m  OK  [0m] Started Authenticate and Authorize Users to Run Privileged Tasks.
[[0;32m  OK  [0m] Started Accounts Service.
         Starting Apply the settings specified in cloud-config...
[[0;32m  OK  [0m] Reached target Remote File Systems (Pre).
[[0;32m  OK  [0m] Reached target Remote File Systems.
         Starting LSB: Set the CPU Frequency Scaling governor to "ondemand"...
         Starting Permit User Sessions...
         Starting LSB: automatic crash report generation...
         Starting LSB: daemon to balance interrupts for SMP systems...
[[0;32m  OK  [0m] Started Permit User Sessions.
         Starting Terminate Plymouth Boot Screen...
         Starting Hold until boot process finishes up...
[[0;32m  OK  [0m] Started Hold until boot process finishes up.
         Starting Set console scheme...
[[0;32m  OK  [0m] Started Getty on tty1.
[[0;32m  OK  [0m] Started Serial Getty on ttyS0.
[[0;32m  OK  [0m] Reached target Login Prompts.
[[0;32m  OK  [0m] Started Terminate Plymouth Boot Screen.
[[0;32m  OK  [0m] Started Set console scheme.
[[0;32m  OK  [0m] Started LSB: Set the CPU Frequency Scaling governor to "ondemand".
[[0;32m  OK  [0m] Started LSB: automatic crash report generation.
[[0;32m  OK  [0m] Started LSB: daemon to balance interrupts for SMP systems.
[   13.207322] cloud-init[1220]: Cloud-init v. 19.3-41-gc4735dd3-0ubuntu1~16.04.1 running 'modules:config' at Sat, 15 Feb 2020 17:26:25 +0000. Up 13.10 seconds.
[[0;32m  OK  [0m] Started Apply the settings specified in cloud-config.
[[0;32m  OK  [0m] Started MySQL Community Server.
[[0;32m  OK  [0m] Reached target Multi-User System.
[[0;32m  OK  [0m] Reached target Graphical Interface.
         Starting Update UTMP about System Runlevel Changes...
         Starting Execute cloud user/final scripts...
[[0;32m  OK  [0m] Started Update UTMP about System Runlevel Changes.
[   14.011260] cloud-init[1319]: Cloud-init v. 19.3-41-gc4735dd3-0ubuntu1~16.04.1 running 'modules:final' at Sat, 15 Feb 2020 17:26:26 +0000. Up 13.94 seconds.
[   14.086066] cloud-init[1319]: Cloud-init v. 19.3-41-gc4735dd3-0ubuntu1~16.04.1 finished at Sat, 15 Feb 2020 17:26:26 +0000. Datasource DataSourceNoCloud [seed=/dev/sdb][dsmode=net].  Up 14.00 seconds
[[0;32m  OK  [0m] Started Execute cloud user/final scripts.
[[0;32m  OK  [0m] Reached target Cloud-init target.
         Starting Daily apt download activities...

Ubuntu 16.04.6 LTS ubuntu-xenial ttyS0

ubuntu-xenial login: [[0;32m  OK  [0m] Started ACPI event daemon.
         Starting Message of the Day...
[[0;32m  OK  [0m] Started ACPI event daemon.
[[0;32m  OK  [0m] Started ACPI event daemon.
[[0;32m  OK  [0m] Started ACPI event daemon.
         Stopping udev Kernel Device Manager...
[[0;32m  OK  [0m] Stopped udev Kernel Device Manager.
         Starting udev Kernel Device Manager...
[[0;32m  OK  [0m] Started udev Kernel Device Manager.
[[0;32m  OK  [0m] Started ACPI event daemon.
[[0;32m  OK  [0m] Started Message of the Day.
[[0;32m  OK  [0m] Started ACPI event daemon.
[[0;32m  OK  [0m] Started ACPI event daemon.
[[0;32m  OK  [0m] Started ACPI event daemon.
[  OK  ] Started ACPI event daemon.
[  OK  ] Started Trigger resolvconf update for networkd DNS.
[  OK  ] Started Daily apt upgrade and clean activities.
